This is pdfTeX, Version 3.14159265-2.6-1.40.19 (TeX Live 2018) (preloaded format=pdflatex 2018.12.5)  23 MAY 2019 11:47
entering extended mode
 restricted \write18 enabled.
 file:line:error style messages enabled.
 %&-line parsing enabled.
**/home/jakob/uni/gropro/Doc/master.tex
(/home/jakob/uni/gropro/Doc/master.tex
LaTeX2e <2018-04-01> patch level 5
(/usr/local/texlive/2018/texmf-dist/tex/latex/koma-script/scrreprt.cls
Document Class: scrreprt 2018/03/30 v3.25 KOMA-Script document class (report)
(/usr/local/texlive/2018/texmf-dist/tex/latex/koma-script/scrkbase.sty
Package: scrkbase 2018/03/30 v3.25 KOMA-Script package (KOMA-Script-dependent basics and keyval usage)
 (/usr/local/texlive/2018/texmf-dist/tex/latex/koma-script/scrbase.sty
Package: scrbase 2018/03/30 v3.25 KOMA-Script package (KOMA-Script-independent basics and keyval usage)
 (/usr/local/texlive/2018/texmf-dist/tex/latex/graphics/keyval.sty
Package: keyval 2014/10/28 v1.15 key=value parser (DPC)
\KV@toks@=\toks14
) (/usr/local/texlive/2018/texmf-dist/tex/latex/koma-script/scrlfile.sty
Package: scrlfile 2018/03/30 v3.25 KOMA-Script package (loading files)
))) (/usr/local/texlive/2018/texmf-dist/tex/latex/koma-script/tocbasic.sty
Package: tocbasic 2018/03/30 v3.25 KOMA-Script package (handling toc-files)
\scr@dte@tocline@numberwidth=\skip41
\scr@dte@tocline@numbox=\box26
)
Package tocbasic Info: omitting babel extension for `toc'
(tocbasic)             because of feature `nobabel' available
(tocbasic)             for `toc' on input line 136.
Package tocbasic Info: defining new hook before heading of `' on input line 1667.
Package scrreprt Info: You've used standard option `11pt'.
(scrreprt)             This is correct!
(scrreprt)             Internally I'm using `fontsize=11pt'.
(scrreprt)             If you'd like to set the option with \KOMAoptions,
(scrreprt)             you'd have to use `fontsize=11pt' there
(scrreprt)             instead of `11pt', too.
Class scrreprt Info: File `scrsize11pt.clo' used to setup font sizes on input line 2328.
 (/usr/local/texlive/2018/texmf-dist/tex/latex/koma-script/scrsize11pt.clo
File: scrsize11pt.clo 2018/03/30 v3.25 KOMA-Script font size class option (11pt)
) (/usr/local/texlive/2018/texmf-dist/tex/latex/koma-script/typearea.sty
Package: typearea 2018/03/30 v3.25 KOMA-Script package (type area)
\ta@bcor=\skip42
\ta@div=\count80
Package typearea Info: You've used standard option `a4paper'.
(typearea)             This is correct!
(typearea)             Internally I'm using `paper=a4'.
(typearea)             If you'd like to set the option with \KOMAoptions,
(typearea)             you'd have to use `paper=a4' there
(typearea)             instead of `a4paper', too.
\ta@hblk=\skip43
\ta@vblk=\skip44
\ta@temp=\skip45
\footheight=\skip46
Package typearea Info: These are the values describing the layout:
(typearea)             DIV  = 10
(typearea)             BCOR = 0.0pt
(typearea)             \paperwidth      = 597.50793pt
(typearea)              \textwidth      = 418.25555pt
(typearea)              DIV departure   = -6%
(typearea)              \evensidemargin = 47.2316pt
(typearea)              \oddsidemargin  = -12.5192pt
(typearea)             \paperheight     = 845.04694pt
(typearea)              \textheight     = 595.80026pt
(typearea)              \topmargin      = -25.16531pt
(typearea)              \headheight     = 17.0pt
(typearea)              \headsep        = 20.40001pt
(typearea)              \topskip        = 11.0pt
(typearea)              \footskip       = 47.6pt
(typearea)              \baselineskip   = 13.6pt
(typearea)              on input line 1706.
)
\c@part=\count81
\c@chapter=\count82
\c@section=\count83
\c@subsection=\count84
\c@subsubsection=\count85
\c@paragraph=\count86
\c@subparagraph=\count87
\scr@dte@part@maxnumwidth=\skip47
\scr@dte@chapter@maxnumwidth=\skip48
\scr@dte@section@maxnumwidth=\skip49
\scr@dte@subsection@maxnumwidth=\skip50
\scr@dte@subsubsection@maxnumwidth=\skip51
\scr@dte@paragraph@maxnumwidth=\skip52
\scr@dte@subparagraph@maxnumwidth=\skip53
\abovecaptionskip=\skip54
\belowcaptionskip=\skip55
\c@pti@nb@sid@b@x=\box27
\scr@dte@figure@maxnumwidth=\skip56
Package tocbasic Info: omitting babel extension for `lof'
(tocbasic)             because of feature `nobabel' available
(tocbasic)             for `lof' on input line 6247.
\c@figure=\count88
\scr@dte@table@maxnumwidth=\skip57
Package tocbasic Info: omitting babel extension for `lot'
(tocbasic)             because of feature `nobabel' available
(tocbasic)             for `lot' on input line 6264.
\c@table=\count89
Class scrreprt Info: Redefining `\numberline' on input line 6433.
\bibindent=\dimen102
) (./gropro.sty (/usr/local/texlive/2018/texmf-dist/tex/latex/base/fontenc.sty
Package: fontenc 2017/04/05 v2.0i Standard LaTeX package
 (/usr/local/texlive/2018/texmf-dist/tex/latex/base/t1enc.def
File: t1enc.def 2017/04/05 v2.0i Standard LaTeX file
LaTeX Font Info:    Redeclaring font encoding T1 on input line 48.
)) (/usr/local/texlive/2018/texmf-dist/tex/latex/base/inputenc.sty
Package: inputenc 2018/04/06 v1.3b Input encoding file
\inpenc@prehook=\toks15
\inpenc@posthook=\toks16
) (/usr/local/texlive/2018/texmf-dist/tex/generic/babel/babel.sty
Package: babel 2018/11/13 3.27 The Babel package
 (/usr/local/texlive/2018/texmf-dist/tex/generic/babel/switch.def
File: switch.def 2018/11/13 3.27 Babel switching mechanism
) (/usr/local/texlive/2018/texmf-dist/tex/generic/babel-german/ngerman.ldf
Language: ngerman 2018/03/29 v2.10 German support for babel (post-1996 orthography)
 (/usr/local/texlive/2018/texmf-dist/tex/generic/babel-german/ngermanb.ldf
Language: ngermanb 2018/03/29 v2.10 German support for babel (post-1996 orthography)
 (/usr/local/texlive/2018/texmf-dist/tex/generic/babel/babel.def
File: babel.def 2018/11/13 3.27 Babel common definitions
\babel@savecnt=\count90
\U@D=\dimen103
 (/usr/local/texlive/2018/texmf-dist/tex/generic/babel/txtbabel.def)
\bbl@dirlevel=\count91
)
Package babel Info: Making " an active character on input line 121.
)))

Class scrreprt Warning: Usage of package `fancyhdr' together
(scrreprt)              with a KOMA-Script class is not recommended.
(scrreprt)              I'd suggest to use 
(scrreprt)              package `scrlayer' or `scrlayer-scrpage', because
(scrreprt)              they support KOMA-Script classes.
(scrreprt)              With `fancyhdr' several features of class `scrreprt'
(scrreprt)              like options `headsepline', `footsepline' or command
(scrreprt)              `\MakeMarkcase' and the commands `\setkomafont' and
(scrreprt)              `\addtokomafont' for the page style elements need
(scrreprt)              explicite user intervention to work.
(scrreprt)              Nevertheless, using requested
(scrreprt)              package `fancyhdr' on input line 5.

(/usr/local/texlive/2018/texmf-dist/tex/latex/fancyhdr/fancyhdr.sty
Package: fancyhdr 2017/06/30 v3.9a Extensive control of page headers and footers
\f@nch@headwidth=\skip58
\f@nch@O@elh=\skip59
\f@nch@O@erh=\skip60
\f@nch@O@olh=\skip61
\f@nch@O@orh=\skip62
\f@nch@O@elf=\skip63
\f@nch@O@erf=\skip64
\f@nch@O@olf=\skip65
\f@nch@O@orf=\skip66
) (/usr/local/texlive/2018/texmf-dist/tex/latex/graphics/graphicx.sty
Package: graphicx 2017/06/01 v1.1a Enhanced LaTeX Graphics (DPC,SPQR)
 (/usr/local/texlive/2018/texmf-dist/tex/latex/graphics/graphics.sty
Package: graphics 2017/06/25 v1.2c Standard LaTeX Graphics (DPC,SPQR)
 (/usr/local/texlive/2018/texmf-dist/tex/latex/graphics/trig.sty
Package: trig 2016/01/03 v1.10 sin cos tan (DPC)
) (/usr/local/texlive/2018/texmf-dist/tex/latex/graphics-cfg/graphics.cfg
File: graphics.cfg 2016/06/04 v1.11 sample graphics configuration
)
Package graphics Info: Driver file: pdftex.def on input line 99.
 (/usr/local/texlive/2018/texmf-dist/tex/latex/graphics-def/pdftex.def
File: pdftex.def 2018/01/08 v1.0l Graphics/color driver for pdftex
))
\Gin@req@height=\dimen104
\Gin@req@width=\dimen105
) (/usr/local/texlive/2018/texmf-dist/tex/latex/graphics/color.sty
Package: color 2016/07/10 v1.1e Standard LaTeX Color (DPC)
 (/usr/local/texlive/2018/texmf-dist/tex/latex/graphics-cfg/color.cfg
File: color.cfg 2016/01/02 v1.6 sample color configuration
)
Package color Info: Driver file: pdftex.def on input line 147.
) (/usr/local/texlive/2018/texmf-dist/tex/latex/listings/listings.sty
\lst@mode=\count92
\lst@gtempboxa=\box28
\lst@token=\toks17
\lst@length=\count93
\lst@currlwidth=\dimen106
\lst@column=\count94
\lst@pos=\count95
\lst@lostspace=\dimen107
\lst@width=\dimen108
\lst@newlines=\count96
\lst@lineno=\count97
\lst@maxwidth=\dimen109
 (/usr/local/texlive/2018/texmf-dist/tex/latex/listings/lstmisc.sty
File: lstmisc.sty 2018/09/02 1.7 (Carsten Heinz)
\c@lstnumber=\count98
\lst@skipnumbers=\count99
\lst@framebox=\box29
) (./listings.cfg (./luximono.sty
Package: luximono 2004/01/26 loading LuxiMono as tt font (WaS)
) (/usr/local/texlive/2018/texmf-dist/tex/latex/xcolor/xcolor.sty
Package: xcolor 2016/05/11 v2.12 LaTeX color extensions (UK)
 (/usr/local/texlive/2018/texmf-dist/tex/latex/graphics-cfg/color.cfg
File: color.cfg 2016/01/02 v1.6 sample color configuration
)
Package xcolor Info: Driver file: pdftex.def on input line 225.
LaTeX Info: Redefining \color on input line 709.
Package xcolor Info: Model `cmy' substituted by `cmy0' on input line 1348.
Package xcolor Info: Model `hsb' substituted by `rgb' on input line 1352.
Package xcolor Info: Model `RGB' extended on input line 1364.
Package xcolor Info: Model `HTML' substituted by `rgb' on input line 1366.
Package xcolor Info: Model `Hsb' substituted by `hsb' on input line 1367.
Package xcolor Info: Model `tHsb' substituted by `hsb' on input line 1368.
Package xcolor Info: Model `HSB' substituted by `hsb' on input line 1369.
Package xcolor Info: Model `Gray' substituted by `gray' on input line 1370.
Package xcolor Info: Model `wave' substituted by `hsb' on input line 1371.
)
\hookleftarrowbox=\box30
\hookrightarrowbox=\box31
LaTeX Font Info:    External font `cmex10' loaded for size
(Font)              <6> on input line 35.
LaTeX Font Info:    External font `cmex10' loaded for size
(Font)              <5> on input line 35.
))
Package: listings 2018/09/02 1.7 (Carsten Heinz)
 (/usr/local/texlive/2018/texmf-dist/tex/latex/listings-ext/listings-ext.sty
Package: listings-ext 2010/06/29 v67  an extension for the listings package (JHf)
 (/usr/local/texlive/2018/texmf-dist/tex/latex/xkeyval/xkeyval.sty
Package: xkeyval 2014/12/03 v2.7a package option processing (HA)
 (/usr/local/texlive/2018/texmf-dist/tex/generic/xkeyval/xkeyval.tex (/usr/local/texlive/2018/texmf-dist/tex/generic/xkeyval/xkvutils.tex
\XKV@toks=\toks18
\XKV@tempa@toks=\toks19
)
\XKV@depth=\count100
File: xkeyval.tex 2014/12/03 v2.7a key=value parser (HA)
))) (/usr/local/texlive/2018/texmf-dist/tex/latex/hyperref/hyperref.sty
Package: hyperref 2018/11/30 v6.88e Hypertext links for LaTeX
 (/usr/local/texlive/2018/texmf-dist/tex/generic/oberdiek/hobsub-hyperref.sty
Package: hobsub-hyperref 2016/05/16 v1.14 Bundle oberdiek, subset hyperref (HO)
 (/usr/local/texlive/2018/texmf-dist/tex/generic/oberdiek/hobsub-generic.sty
Package: hobsub-generic 2016/05/16 v1.14 Bundle oberdiek, subset generic (HO)
Package: hobsub 2016/05/16 v1.14 Construct package bundles (HO)
Package: infwarerr 2016/05/16 v1.4 Providing info/warning/error messages (HO)
Package: ltxcmds 2016/05/16 v1.23 LaTeX kernel commands for general use (HO)
Package: ifluatex 2016/05/16 v1.4 Provides the ifluatex switch (HO)
Package ifluatex Info: LuaTeX not detected.
Package: ifvtex 2016/05/16 v1.6 Detect VTeX and its facilities (HO)
Package ifvtex Info: VTeX not detected.
Package: intcalc 2016/05/16 v1.2 Expandable calculations with integers (HO)
Package: ifpdf 2018/09/07 v3.3 Provides the ifpdf switch
Package: etexcmds 2016/05/16 v1.6 Avoid name clashes with e-TeX commands (HO)
Package etexcmds Info: Could not find \expanded.
(etexcmds)             That can mean that you are not using pdfTeX 1.50 or
(etexcmds)             that some package has redefined \expanded.
(etexcmds)             In the latter case, load this package earlier.
Package: kvsetkeys 2016/05/16 v1.17 Key value parser (HO)
Package: kvdefinekeys 2016/05/16 v1.4 Define keys (HO)
Package: pdftexcmds 2018/09/10 v0.29 Utility functions of pdfTeX for LuaTeX (HO)
Package pdftexcmds Info: LuaTeX not detected.
Package pdftexcmds Info: \pdf@primitive is available.
Package pdftexcmds Info: \pdf@ifprimitive is available.
Package pdftexcmds Info: \pdfdraftmode found.
Package: pdfescape 2016/05/16 v1.14 Implements pdfTeX's escape features (HO)
Package: bigintcalc 2016/05/16 v1.4 Expandable calculations on big integers (HO)
Package: bitset 2016/05/16 v1.2 Handle bit-vector datatype (HO)
Package: uniquecounter 2016/05/16 v1.3 Provide unlimited unique counter (HO)
)
Package hobsub Info: Skipping package `hobsub' (already loaded).
Package: letltxmacro 2016/05/16 v1.5 Let assignment for LaTeX macros (HO)
Package: hopatch 2016/05/16 v1.3 Wrapper for package hooks (HO)
Package: xcolor-patch 2016/05/16 xcolor patch
Package: atveryend 2016/05/16 v1.9 Hooks at the very end of document (HO)
Package atveryend Info: \enddocument detected (standard20110627).
Package: atbegshi 2016/06/09 v1.18 At begin shipout hook (HO)
Package: refcount 2016/05/16 v3.5 Data extraction from label references (HO)
Package: hycolor 2016/05/16 v1.8 Color options for hyperref/bookmark (HO)
) (/usr/local/texlive/2018/texmf-dist/tex/generic/ifxetex/ifxetex.sty
Package: ifxetex 2010/09/12 v0.6 Provides ifxetex conditional
) (/usr/local/texlive/2018/texmf-dist/tex/latex/oberdiek/auxhook.sty
Package: auxhook 2016/05/16 v1.4 Hooks for auxiliary files (HO)
) (/usr/local/texlive/2018/texmf-dist/tex/latex/oberdiek/kvoptions.sty
Package: kvoptions 2016/05/16 v3.12 Key value format for package options (HO)
)
\@linkdim=\dimen110
\Hy@linkcounter=\count101
\Hy@pagecounter=\count102
 (/usr/local/texlive/2018/texmf-dist/tex/latex/hyperref/pd1enc.def
File: pd1enc.def 2018/11/30 v6.88e Hyperref: PDFDocEncoding definition (HO)
Now handling font encoding PD1 ...
... no UTF-8 mapping file for font encoding PD1
)
\Hy@SavedSpaceFactor=\count103
 (/usr/local/texlive/2018/texmf-dist/tex/latex/latexconfig/hyperref.cfg
File: hyperref.cfg 2002/06/06 v1.2 hyperref configuration of TeXLive
)
Package hyperref Info: Option `breaklinks' set `false' on input line 4393.
Package hyperref Info: Option `linktocpage' set `false' on input line 4393.
Package hyperref Info: Option `colorlinks' set `true' on input line 4393.
Package hyperref Info: Hyper figures OFF on input line 4519.
Package hyperref Info: Link nesting OFF on input line 4524.
Package hyperref Info: Hyper index ON on input line 4527.
Package hyperref Info: Plain pages OFF on input line 4534.
Package hyperref Info: Backreferencing OFF on input line 4539.
Package hyperref Info: Implicit mode ON; LaTeX internals redefined.
Package hyperref Info: Bookmarks ON on input line 4772.
\c@Hy@tempcnt=\count104
 (/usr/local/texlive/2018/texmf-dist/tex/latex/url/url.sty
\Urlmuskip=\muskip10
Package: url 2013/09/16  ver 3.4  Verb mode for urls, etc.
)
LaTeX Info: Redefining \url on input line 5125.
\XeTeXLinkMargin=\dimen111
\Fld@menulength=\count105
\Field@Width=\dimen112
\Fld@charsize=\dimen113
Package hyperref Info: Hyper figures OFF on input line 6380.
Package hyperref Info: Link nesting OFF on input line 6385.
Package hyperref Info: Hyper index ON on input line 6388.
Package hyperref Info: backreferencing OFF on input line 6395.
Package hyperref Info: Link coloring ON on input line 6398.
Package hyperref Info: Link coloring with OCG OFF on input line 6405.
Package hyperref Info: PDF/A mode OFF on input line 6410.
LaTeX Info: Redefining \ref on input line 6450.
LaTeX Info: Redefining \pageref on input line 6454.
\Hy@abspage=\count106
\c@Item=\count107
\c@Hfootnote=\count108
)
Package hyperref Info: Driver (autodetected): hpdftex.
 (/usr/local/texlive/2018/texmf-dist/tex/latex/hyperref/hpdftex.def
File: hpdftex.def 2018/11/30 v6.88e Hyperref driver for pdfTeX
\Fld@listcount=\count109
\c@bookmark@seq@number=\count110
 (/usr/local/texlive/2018/texmf-dist/tex/latex/oberdiek/rerunfilecheck.sty
Package: rerunfilecheck 2016/05/16 v1.8 Rerun checks for auxiliary files (HO)
Package uniquecounter Info: New unique counter `rerunfilecheck' on input line 282.
)
\Hy@SectionHShift=\skip67
) (/usr/local/texlive/2018/texmf-dist/tex/latex/fancyref/fancyref.sty
Package: fancyref 1999/02/03 v0.9c Fancy cross-referencing
 (/usr/local/texlive/2018/texmf-dist/tex/latex/tools/varioref.sty
Package: varioref 2016/02/16 v1.5c package for extended references (FMi)
\c@vrcnt=\count111
)) (/usr/local/texlive/2018/texmf-dist/tex/latex/floatflt/floatflt.sty
Package: floatflt 1997/07/16 v. 1.31
\c@OptionTest=\count112
\figbox=\box32
\tabbox=\box33
\pagebox=\box34
\ffigcount=\count113
\ftabcount=\count114
\fftest=\count115
\hangcount=\count116
\nosuccesstryfig=\count117
\nosuccesstrytab=\count118
\figgutter=\dimen114
\tabgutter=\dimen115
\htdone=\dimen116
\pageht=\dimen117
\startpageht=\dimen118
\tabbredd=\dimen119
\floatfltwidth=\dimen120
\fltitemwidth=\dimen121
\outputpretest=\toks20
) (/usr/local/texlive/2018/texmf-dist/tex/latex/expdlist/expdlist.sty
Document Substyle `EXPDLIST'. Released 22.09.1999 (V 2.4)
English Documentation  22.09.99
\listpartsep=\skip68
) (/usr/local/texlive/2018/texmf-dist/tex/latex/placeins/placeins.sty
Package: placeins 2005/04/18  v 2.2
)) (./master.aux (./titel.aux) (./inhalt.aux) (./1-Aufgabenanalyse.aux) (./2-Verfahrensbeschreibung.aux) (./3-Programmbeschreibung.aux) (./4-Testdokumentation.aux) (./5-ZusammenfassungUndAusblick.aux) (./A-AbweichungUndErgaenzung.aux) (./B-Benutzeranleitung.aux) (./C-Entwicklungsumgebung.aux) (./D-VerwendeteHilfsmittel.aux) (./E-Erklaerung.aux) (./F-Aufgabenstellung.aux))
\openout1 = `master.aux'.

LaTeX Font Info:    Checking defaults for OML/cmm/m/it on input line 4.
LaTeX Font Info:    ... okay on input line 4.
LaTeX Font Info:    Checking defaults for T1/cmr/m/n on input line 4.
LaTeX Font Info:    ... okay on input line 4.
LaTeX Font Info:    Checking defaults for OT1/cmr/m/n on input line 4.
LaTeX Font Info:    ... okay on input line 4.
LaTeX Font Info:    Checking defaults for OMS/cmsy/m/n on input line 4.
LaTeX Font Info:    ... okay on input line 4.
LaTeX Font Info:    Checking defaults for OMX/cmex/m/n on input line 4.
LaTeX Font Info:    ... okay on input line 4.
LaTeX Font Info:    Checking defaults for U/cmr/m/n on input line 4.
LaTeX Font Info:    ... okay on input line 4.
LaTeX Font Info:    Checking defaults for PD1/pdf/m/n on input line 4.
LaTeX Font Info:    ... okay on input line 4.
 (/usr/local/texlive/2018/texmf-dist/tex/context/base/mkii/supp-pdf.mkii
[Loading MPS to PDF converter (version 2006.09.02).]
\scratchcounter=\count119
\scratchdimen=\dimen122
\scratchbox=\box35
\nofMPsegments=\count120
\nofMParguments=\count121
\everyMPshowfont=\toks21
\MPscratchCnt=\count122
\MPscratchDim=\dimen123
\MPnumerator=\count123
\makeMPintoPDFobject=\count124
\everyMPtoPDFconversion=\toks22
) (/usr/local/texlive/2018/texmf-dist/tex/latex/oberdiek/epstopdf-base.sty
Package: epstopdf-base 2016/05/15 v2.6 Base part for package epstopdf
 (/usr/local/texlive/2018/texmf-dist/tex/latex/oberdiek/grfext.sty
Package: grfext 2016/05/16 v1.2 Manage graphics extensions (HO)
)
Package epstopdf-base Info: Redefining graphics rule for `.eps' on input line 438.
Package grfext Info: Graphics extension search list:
(grfext)             [.pdf,.png,.jpg,.mps,.jpeg,.jbig2,.jb2,.PDF,.PNG,.JPG,.JPEG,.JBIG2,.JB2,.eps]
(grfext)             \AppendGraphicsExtensions on input line 456.
 (/usr/local/texlive/2018/texmf-dist/tex/latex/latexconfig/epstopdf-sys.cfg
File: epstopdf-sys.cfg 2010/07/13 v1.3 Configuration of (r)epstopdf for TeX Live
))
\c@lstlisting=\count125
\AtBeginShipoutBox=\box36
Package hyperref Info: Link coloring ON on input line 4.
 (/usr/local/texlive/2018/texmf-dist/tex/latex/hyperref/nameref.sty
Package: nameref 2016/05/21 v2.44 Cross-referencing by name of section
 (/usr/local/texlive/2018/texmf-dist/tex/generic/oberdiek/gettitlestring.sty
Package: gettitlestring 2016/05/16 v1.5 Cleanup title references (HO)
)
\c@section@level=\count126
LaTeX Info: Redefining \Ref on input line 515.
)
LaTeX Info: Redefining \ref on input line 4.
LaTeX Info: Redefining \pageref on input line 4.
LaTeX Info: Redefining \nameref on input line 4.
 (./master.out) (./master.out)
\@outlinefile=\write3
\openout3 = `master.out'.

LaTeX Info: Redefining \Ref on input line 4.
\openout2 = `titel.aux'.

 (./titel.tex
LaTeX Font Info:    External font `cmex10' loaded for size
(Font)              <10.95> on input line 21.
LaTeX Font Info:    External font `cmex10' loaded for size
(Font)              <8> on input line 21.

Underfull \vbox (badness 10000) has occurred while \output is active []

 [1




{/usr/local/texlive/2018/texmf-var/fonts/map/pdftex/updmap/pdftex.map}] [2



])
\openout2 = `inhalt.aux'.

 (./inhalt.tex
LaTeX Font Info:    Try loading font information for T1+cmss on input line 2.
 (/usr/local/texlive/2018/texmf-dist/tex/latex/base/t1cmss.fd
File: t1cmss.fd 2014/09/29 v2.5h Standard LaTeX font definitions
) (./master.toc [1



])
\tf@toc=\write4
\openout4 = `master.toc'.


Underfull \hbox (badness 10000) in paragraph at lines 60--3

 []

[2])
\openout2 = `1-Aufgabenanalyse.aux'.

 (./1-Aufgabenanalyse.tex
chapter 1.

Class scrreprt Warning: \float@addtolists detected!
(scrreprt)              Implementation of \float@addtolist became
(scrreprt)              deprecated in KOMA-Script v3.01 2008/11/14 and
(scrreprt)              has been replaced by several more flexible
(scrreprt)              features of package `tocbasic`.
(scrreprt)              Since Version 3.12 support for deprecated
(scrreprt)              \float@addtolist interface has been
(scrreprt)              restricted to only some of the KOMA-Script
(scrreprt)              features and been removed from others.
(scrreprt)              Loading of package `scrhack' may help to
(scrreprt)              avoid this warning, if you are using a
(scrreprt)              a package that still implements the
(scrreprt)              deprecated \float@addtolist interface .

pdfTeX warning (ext4): destination with the same identifier (name{page.1}) has been already used, duplicate ignored
<to be read again> 
                   \relax 
l.32 
      [1







]
LaTeX Font Info:    Try loading font information for T1+lmtt on input line 42.
 (/usr/local/texlive/2018/texmf-dist/tex/latex/lm/t1lmtt.fd
File: t1lmtt.fd 2009/10/30 v1.6 Font defs for Latin Modern
) (../tests/bierkonsum.txt)
Underfull \vbox (badness 4072) has occurred while \output is active []

pdfTeX warning (ext4): destination with the same identifier (name{page.2}) has been already used, duplicate ignored
<to be read again> 
                   \relax 
l.47 
      [2] (./ausgabeformat.gnu) (../tests/bierkonsum.gnu
LaTeX Font Info:    External font `cmex10' loaded for size
(Font)              <7> on input line 2.
 [3])
LaTeX Font Info:    Try loading font information for OMS+cmr on input line 84.
 (/usr/local/texlive/2018/texmf-dist/tex/latex/base/omscmr.fd
File: omscmr.fd 2014/09/29 v2.5h Standard LaTeX font definitions
)
LaTeX Font Info:    Font shape `OMS/cmr/m/n' in size <10.95> not available
(Font)              Font shape `OMS/cmsy/m/n' tried instead on input line 84.
 [4]) [5]
\openout2 = `2-Verfahrensbeschreibung.aux'.

 (./2-Verfahrensbeschreibung.tex
chapter 2.
[6



]) [7]
\openout2 = `3-Programmbeschreibung.aux'.

 (./3-Programmbeschreibung.tex
chapter 3.
<packages.png, id=335, 1105.12875pt x 507.8975pt>
File: packages.png Graphic file (type png)
<use packages.png>
Package pdftex.def Info: packages.png  used on input line 13.
(pdftex.def)             Requested size: 384.10959pt x 176.52681pt.
<model.png, id=336, 650.43pt x 415.5525pt>
File: model.png Graphic file (type png)
<use model.png>
Package pdftex.def Info: model.png  used on input line 23.
(pdftex.def)             Requested size: 384.10959pt x 245.40846pt.
[8



 <./packages.png (PNG copy)>] [9 <./model.png (PNG copy)>]
Underfull \vbox (badness 10000) has occurred while \output is active []

 [10]
Underfull \vbox (badness 10000) has occurred while \output is active []

 [11]
<Loese.png, id=364, 465.74pt x 510.90875pt>
File: Loese.png Graphic file (type png)
<use Loese.png>
Package pdftex.def Info: Loese.png  used on input line 94.
(pdftex.def)             Requested size: 384.10959pt x 421.37239pt.


LaTeX Warning: `!h' float specifier changed to `!ht'.

<Iteration.png, id=366, 670.505pt x 1072.005pt>
File: Iteration.png Graphic file (type png)
<use Iteration.png>
Package pdftex.def Info: Iteration.png  used on input line 109.
(pdftex.def)             Requested size: 234.73653pt x 375.28915pt.

LaTeX Warning: `!h' float specifier changed to `!ht'.

[12] [13 <./Loese.png>] [14 <./Iteration.png>]
<kraftVonAuf.png, id=386, 659.46375pt x 1015.795pt>
File: kraftVonAuf.png Graphic file (type png)
<use kraftVonAuf.png>
Package pdftex.def Info: kraftVonAuf.png  used on input line 120.
(pdftex.def)             Requested size: 298.75262pt x 460.18799pt.
<wendeAn.png, id=387, 663.47874pt x 492.84125pt>
File: wendeAn.png Graphic file (type png)
<use wendeAn.png>
Package pdftex.def Info: wendeAn.png  used on input line 132.
(pdftex.def)             Requested size: 341.43436pt x 253.6243pt.

Underfull \vbox (badness 10000) has occurred while \output is active []

 [15

 <./KraftVonAuf.png>]
Underfull \vbox (badness 10000) has occurred while \output is active []

 [16 <./wendeAn.png>]
<findExtrema.png, id=403, 635.37375pt x 901.3675pt>
File: findExtrema.png Graphic file (type png)
<use findExtrema.png>
Package pdftex.def Info: findExtrema.png  used on input line 155.
(pdftex.def)             Requested size: 170.71393pt x 242.17589pt.
) [17 <./findExtrema.png>]
\openout2 = `4-Testdokumentation.aux'.

 (./4-Testdokumentation.tex
chapter 4.
) [18



]
\openout2 = `5-ZusammenfassungUndAusblick.aux'.

 (./5-ZusammenfassungUndAusblick.tex
chapter 5.
)
Underfull \vbox (badness 2253) has occurred while \output is active []

 [19



] [20]

Class scrreprt Warning: You are using `\begin{appendix}...\end{appendix}'.
(scrreprt)              You should note, that `\appendix' is a mostly globally
(scrreprt)              working command not an enviroment with only local
(scrreprt)              effects. Therefore `\end{appendix}' will neither
(scrreprt)              switch back to normal section numbering nor finish
(scrreprt)              every other effect of `\begin{appendix}'.
(scrreprt)              Nevertheless, some effects may end with
(scrreprt)              `\end{appendix}' and the document may become
(scrreprt)              inconsistent.
(scrreprt)              Because of this, you should remove `\end{appendix}'
(scrreprt)              and replace `\begin{appendix}' by command
(scrreprt)              `\appendix' on input line 23.

\openout2 = `A-AbweichungUndErgaenzung.aux'.

(./A-AbweichungUndErgaenzung.tex
chapter A.
) [21



]
\openout2 = `B-Benutzeranleitung.aux'.

 (./B-Benutzeranleitung.tex
chapter B.
) [22



]
\openout2 = `C-Entwicklungsumgebung.aux'.

 (./C-Entwicklungsumgebung.tex
chapter C.
[23



] [24


])
\openout2 = `D-VerwendeteHilfsmittel.aux'.

 (./D-VerwendeteHilfsmittel.tex
chapter D.
[25



] [26


])
\openout2 = `E-Erklaerung.aux'.

 (./E-Erklaerung.tex
chapter E.

Underfull \hbox (badness 10000) in paragraph at lines 2--19

 []


Underfull \hbox (badness 10000) in paragraph at lines 2--19

 []


Underfull \hbox (badness 10000) in paragraph at lines 2--19

 []


Underfull \hbox (badness 10000) in paragraph at lines 2--19

 []


Underfull \hbox (badness 10000) in paragraph at lines 2--19

 []


Underfull \hbox (badness 10000) in paragraph at lines 2--19

 []


Underfull \hbox (badness 10000) in paragraph at lines 2--19

 []


Underfull \hbox (badness 10000) in paragraph at lines 2--19

 []


Overfull \hbox (43.38354pt too wide) in paragraph at lines 2--19
[] 
 []

[27



] [28


])
\openout2 = `F-Aufgabenstellung.aux'.

 (./F-Aufgabenstellung.tex [29



] [30

])
Package atveryend Info: Empty hook `BeforeClearDocument' on input line 38.
Package atveryend Info: Empty hook `AfterLastShipout' on input line 38.
 (./master.aux (./titel.aux) (./inhalt.aux) (./1-Aufgabenanalyse.aux) (./2-Verfahrensbeschreibung.aux) (./3-Programmbeschreibung.aux) (./4-Testdokumentation.aux) (./5-ZusammenfassungUndAusblick.aux) (./A-AbweichungUndErgaenzung.aux) (./B-Benutzeranleitung.aux) (./C-Entwicklungsumgebung.aux) (./D-VerwendeteHilfsmittel.aux) (./E-Erklaerung.aux) (./F-Aufgabenstellung.aux))
Package atveryend Info: Executing hook `AtVeryEndDocument' on input line 38.
Package atveryend Info: Executing hook `AtEndAfterFileList' on input line 38.
Package rerunfilecheck Info: File `master.out' has not changed.
(rerunfilecheck)             Checksum: F504D91E58BE21970C865727C382A86B;2444.
Package atveryend Info: Empty hook `AtVeryVeryEnd' on input line 38.
 ) 
Here is how much of TeX's memory you used:
 11183 strings out of 493884
 174474 string characters out of 6155462
 467746 words of memory out of 5000000
 14466 multiletter control sequences out of 15000+600000
 19025 words of font info for 40 fonts, out of 8000000 for 9000
 372 hyphenation exceptions out of 8191
 46i,12n,66p,9131b,1848s stack positions out of 5000i,500n,10000p,200000b,80000s
{/usr/local/texlive/2018/texmf-dist/fonts/enc/dvips/cm-super/cm-super-t1.enc}{/usr/local/texlive/2018/texmf-dist/fonts/enc/dvips/lm/lm-ec.enc}</usr/local/texlive/2018/texmf-dist/fonts/type1/public/amsfonts/cm/cmex10.pfb></usr/local/texlive/2018/texmf-dist/fonts/type1/public/amsfonts/cm/cmmi10.pfb></usr/local/texlive/2018/texmf-dist/fonts/type1/public/amsfonts/cm/cmr10.pfb></usr/local/texlive/2018/texmf-dist/fonts/type1/public/amsfonts/cm/cmr8.pfb></usr/local/texlive/2018/texmf-dist/fonts/type1/public/amsfonts/cm/cmsy10.pfb></usr/local/texlive/2018/texmf-dist/fonts/type1/public/lm/lmtt10.pfb></usr/local/texlive/2018/texmf-dist/fonts/type1/public/cm-super/sfbx1000.pfb></usr/local/texlive/2018/texmf-dist/fonts/type1/public/cm-super/sfbx1095.pfb></usr/local/texlive/2018/texmf-dist/fonts/type1/public/cm-super/sfbx1200.pfb></usr/local/texlive/2018/texmf-dist/fonts/type1/public/cm-super/sfbx1728.pfb></usr/local/texlive/2018/texmf-dist/fonts/type1/public/cm-super/sfrm0600.pfb></usr/local/texlive/2018/texmf-dist/fonts/type1/public/cm-super/sfrm1000.pfb></usr/local/texlive/2018/texmf-dist/fonts/type1/public/cm-super/sfrm1095.pfb></usr/local/texlive/2018/texmf-dist/fonts/type1/public/cm-super/sfsx1095.pfb></usr/local/texlive/2018/texmf-dist/fonts/type1/public/cm-super/sfsx1200.pfb></usr/local/texlive/2018/texmf-dist/fonts/type1/public/cm-super/sfsx1440.pfb></usr/local/texlive/2018/texmf-dist/fonts/type1/public/cm-super/sfsx2074.pfb>
Output written on master.pdf (34 pages, 504739 bytes).
PDF statistics:
 567 PDF objects out of 1000 (max. 8388607)
 497 compressed objects within 5 object streams
 164 named destinations out of 1000 (max. 500000)
 356 words of extra memory for PDF output out of 10000 (max. 10000000)

